[35m[Appium][39m Welcome to Appium v1.22.3
[35m[Appium][39m Non-default server args:
[35m[Appium][39m   port: 63118
[35m[Appium][39m   loglevel: info
[35m[Appium][39m   tmpDir: /var/folders/23/ksbp0gdn205139ffwrfbjmm40000gp/T//Katalon/Appium/Temp1694428475025
[35m[Appium][39m   chromedriverPort: 63131
[35m[Appium][39m Deprecated server args:
[35m[Appium][39m   [31m--chromedriver-port[39m => --default-capabilities
[35m[Appium][39m Default capabilities, which will be added to each request unless overridden by desired capabilities:
[35m[Appium][39m   chromedriverPort: 63131
[35m[Appium][39m Appium REST http interface listener started on 0.0.0.0:63118
[35m[HTTP][39m [37m-->[39m [37mGET[39m [37m/wd/hub/status[39m
[35m[HTTP][39m [90m{}[39m
[35m[HTTP][39m [37m<-- GET /wd/hub/status [39m[32m200[39m [90m3 ms - 68[39m
[35m[HTTP][39m [90m[39m
[35m[HTTP][39m [37m-->[39m [37mGET[39m [37m/wd/hub/status[39m
[35m[HTTP][39m [90m{}[39m
[35m[HTTP][39m [37m<-- GET /wd/hub/status [39m[32m200[39m [90m1 ms - 68[39m
[35m[HTTP][39m [90m[39m
[35m[HTTP][39m [37m-->[39m [37mPOST[39m [37m/wd/hub/session[39m
[35m[HTTP][39m [90m{"desiredCapabilities":{"app":"/Users/thanh.pnguyen/Downloads/app-st-release.apk","noReset":true,"deviceId":"","deviceName":"emulator-5554 (sdk_gphone64_arm64 - Android 13)","fullReset":false,"platform":"ANDROID","newCommandTimeout":1800,"platformVersion":"13","automationName":"uiautomator2","autoGrantPermissions":true,"platformName":"Android","udid":"emulator-5554","autoAcceptAlerts":true,"systemPort":63144},"capabilities":{"firstMatch":[{"appium:app":"/Users/thanh.pnguyen/Downloads/app-st-release.apk","appium:autoAcceptAlerts":true,"appium:autoGrantPermissions":true,"appium:automationName":"uiautomator2","deviceId":"","appium:deviceName":"emulator-5554 (sdk_gphone64_arm64 - Android 13)","appium:fullReset":false,"appium:newCommandTimeout":1800,"appium:noReset":true,"platform":"ANDROID","platformName":"android","appium:platformVersion":"13","appium:systemPort":63144,"appium:udid":"emulator-5554"}]}}[39m
[35m[BaseDriver][39m The following capabilities are not standard capabilities and should have an extension prefix:
[35m[BaseDriver][39m   deviceId
[35m[BaseDriver][39m   platform
[35m[BaseDriver][39m   chromedriverPort
[35m[Appium][39m Appium v1.22.3 creating new AndroidUiautomator2Driver (v1.70.1) session
[35m[BaseDriver][39m The following capabilities were provided, but are not recognized by Appium:
[35m[BaseDriver][39m   deviceId
[35m[BaseDriver][39m   platform
[35m[BaseDriver][39m   autoAcceptAlerts
[35m[BaseDriver][39m Session created with session id: 33cbc96f-f9f8-4b0a-822d-e77d0752da55
[35m[BaseDriver][39m Using local app '/Users/thanh.pnguyen/Downloads/app-st-release.apk'
[35m[ADB][39m Found 1 'build-tools' folders under '/Users/thanh.pnguyen/.katalon/tools/android_sdk' (newest first):
[35m[ADB][39m     /Users/thanh.pnguyen/.katalon/tools/android_sdk/build-tools/29.0.3
[35m[ADB][39m Using 'adb' from '/Users/thanh.pnguyen/.katalon/tools/android_sdk/platform-tools/adb'
[35m[AndroidDriver][39m Retrieving device list
[35m[AndroidDriver][39m Using device: emulator-5554
[35m[ADB][39m Using 'adb' from '/Users/thanh.pnguyen/.katalon/tools/android_sdk/platform-tools/adb'
[35m[ADB][39m Getting device platform version
[35m[UiAutomator2][39m Relaxing hidden api policy
[35m[ADB][39m Package name: 'com.securitybank.bbx.st'
[35m[ADB][39m Main activity name: 'com.securitybank.bbx.MainActivity'
[35m[ADB][39m The application at '/usr/local/lib/node_modules/appium/node_modules/io.appium.settings/apks/settings_apk-debug.apk' will not be cached, because the device under test has confirmed the support of streamed installs
[35m[ADB][39m The installation of 'settings_apk-debug.apk' took 274ms
[35m[UiAutomator2][39m Server package at '/usr/local/lib/node_modules/appium/node_modules/appium-uiautomator2-server/apks/appium-uiautomator2-server-debug-androidTest.apk' is not writeable. Will copy it into the temporary location at '/var/folders/23/ksbp0gdn205139ffwrfbjmm40000gp/T/Katalon/Appium/Temp1694428475025/2023811-51249-1w37j52.m64o' as a workaround. Consider making this file writeable manually in order to improve the performance of session startup.
[35m[UiAutomator2][39m Server package at '/usr/local/lib/node_modules/appium/node_modules/appium-uiautomator2-server/apks/appium-uiautomator2-server-v4.27.0.apk' is not writeable. Will copy it into the temporary location at '/var/folders/23/ksbp0gdn205139ffwrfbjmm40000gp/T/Katalon/Appium/Temp1694428475025/2023811-51249-1w37j52.m64o' as a workaround. Consider making this file writeable manually in order to improve the performance of session startup.
[35m[ADB][39m Using 'apksigner.jar' from '/Users/thanh.pnguyen/.katalon/tools/android_sdk/build-tools/29.0.3/lib/apksigner.jar'
[35m[ADB][39m '/var/folders/23/ksbp0gdn205139ffwrfbjmm40000gp/T/Katalon/Appium/Temp1694428475025/2023811-51249-1w37j52.m64o/appium-uiautomator2-server-v4.27.0.apk' is signed with the default certificate
[35m[ADB][39m '/var/folders/23/ksbp0gdn205139ffwrfbjmm40000gp/T/Katalon/Appium/Temp1694428475025/2023811-51249-1w37j52.m64o/appium-uiautomator2-server-debug-androidTest.apk' is signed with the default certificate
[35m[UiAutomator2][39m Server packages are going to be (re)installed
[35m[ADB][39m The application at '/var/folders/23/ksbp0gdn205139ffwrfbjmm40000gp/T/Katalon/Appium/Temp1694428475025/2023811-51249-1w37j52.m64o/appium-uiautomator2-server-v4.27.0.apk' will not be cached, because the device under test has confirmed the support of streamed installs
[35m[ADB][39m The installation of 'appium-uiautomator2-server-v4.27.0.apk' took 422ms
[35m[ADB][39m The application at '/var/folders/23/ksbp0gdn205139ffwrfbjmm40000gp/T/Katalon/Appium/Temp1694428475025/2023811-51249-1w37j52.m64o/appium-uiautomator2-server-debug-androidTest.apk' will not be cached, because the device under test has confirmed the support of streamed installs
[35m[ADB][39m The installation of 'appium-uiautomator2-server-debug-androidTest.apk' took 235ms
[35m[ADB][39m Adding packages ["io.appium.settings","io.appium.uiautomator2.server","io.appium.uiautomator2.server.test"] to Doze whitelist
[35m[ADB][39m '/Users/thanh.pnguyen/Downloads/app-st-release.apk' is signed with a non-default certificate
[35m[ADB][39m The application at '/Users/thanh.pnguyen/Downloads/app-st-release.apk' will not be cached, because the device under test has confirmed the support of streamed installs
[35m[ADB][39m The installation of 'app-st-release.apk' took 2220ms
[35m[UiAutomator2][39m Starting UIAutomator2 server 4.27.0
[35m[UiAutomator2][39m Using UIAutomator2 server from '/usr/local/lib/node_modules/appium/node_modules/appium-uiautomator2-server/apks/appium-uiautomator2-server-v4.27.0.apk' and test from '/usr/local/lib/node_modules/appium/node_modules/appium-uiautomator2-server/apks/appium-uiautomator2-server-debug-androidTest.apk'
[35m[UiAutomator2][39m Waiting up to 30000ms for UiAutomator2 to be online...
[35m[WD Proxy][39m socket hang up
[35m[WD Proxy][39m socket hang up
[35m[WD Proxy][39m socket hang up
[35m[WD Proxy][39m socket hang up
[35m[WD Proxy][39m Determined the downstream protocol as 'W3C'
[35m[AndroidDriver][39m Screen already unlocked, doing nothing
[35m[UiAutomator2][39m Starting 'com.securitybank.bbx.st/com.securitybank.bbx.MainActivity and waiting for 'com.securitybank.bbx.st/com.securitybank.bbx.MainActivity'
[35m[Appium][39m New AndroidUiautomator2Driver session created successfully, session 33cbc96f-f9f8-4b0a-822d-e77d0752da55 added to master session list
[35m[HTTP][39m [37m<-- POST /wd/hub/session [39m[32m200[39m [90m16292 ms - 1368[39m
[35m[HTTP][39m [90m[39m
[35m[HTTP][39m [37m-->[39m [37mGET[39m [37m/wd/hub/session/33cbc96f-f9f8-4b0a-822d-e77d0752da55[39m
[35m[HTTP][39m [90m{}[39m
[35m[HTTP][39m [37m<-- GET /wd/hub/session/33cbc96f-f9f8-4b0a-822d-e77d0752da55 [39m[32m200[39m [90m17 ms - 1322[39m
[35m[HTTP][39m [90m[39m
[35m[HTTP][39m [37m-->[39m [37mGET[39m [37m/wd/hub/session/33cbc96f-f9f8-4b0a-822d-e77d0752da55[39m
[35m[HTTP][39m [90m{}[39m
[35m[HTTP][39m [37m<-- GET /wd/hub/session/33cbc96f-f9f8-4b0a-822d-e77d0752da55 [39m[32m200[39m [90m11 ms - 1322[39m
[35m[HTTP][39m [90m[39m
[35m[HTTP][39m [37m-->[39m [37mGET[39m [37m/wd/hub/status[39m
[35m[HTTP][39m [90m{}[39m
[35m[HTTP][39m [37m<-- GET /wd/hub/status [39m[32m200[39m [90m0 ms - 68[39m
[35m[HTTP][39m [90m[39m
[35m[HTTP][39m [37m-->[39m [37mPOST[39m [37m/wd/hub/session/33cbc96f-f9f8-4b0a-822d-e77d0752da55/timeouts[39m
[35m[HTTP][39m [90m{"implicit":60000}[39m
[35m[HTTP][39m [37m<-- POST /wd/hub/session/33cbc96f-f9f8-4b0a-822d-e77d0752da55/timeouts [39m[32m200[39m [90m1 ms - 14[39m
[35m[HTTP][39m [90m[39m
[35m[HTTP][39m [37m-->[39m [37mGET[39m [37m/wd/hub/session/33cbc96f-f9f8-4b0a-822d-e77d0752da55/source[39m
[35m[HTTP][39m [90m{}[39m
[35m[W3C (33cbc96f)][39m Driver proxy active, passing request on via HTTP proxy
[35m[WD Proxy][39m Replacing sessionId 1501cd33-cd7c-418c-99a8-a0dbc51dd336 with 33cbc96f-f9f8-4b0a-822d-e77d0752da55
[35m[HTTP][39m [37m<-- GET /wd/hub/session/33cbc96f-f9f8-4b0a-822d-e77d0752da55/source [39m[32m200[39m [90m703 ms - 3210[39m
[35m[HTTP][39m [90m[39m
[35m[HTTP][39m [37m-->[39m [37mGET[39m [37m/wd/hub/session/33cbc96f-f9f8-4b0a-822d-e77d0752da55/screenshot[39m
[35m[HTTP][39m [90m{}[39m
[35m[HTTP][39m [37m<-- GET /wd/hub/session/33cbc96f-f9f8-4b0a-822d-e77d0752da55/screenshot [39m[32m200[39m [90m835 ms - 28946[39m
[35m[HTTP][39m [90m[39m
[35m[HTTP][39m [37m-->[39m [37mGET[39m [37m/wd/hub/session/33cbc96f-f9f8-4b0a-822d-e77d0752da55/source[39m
[35m[HTTP][39m [90m{}[39m
[35m[W3C (33cbc96f)][39m Driver proxy active, passing request on via HTTP proxy
[35m[WD Proxy][39m Replacing sessionId 1501cd33-cd7c-418c-99a8-a0dbc51dd336 with 33cbc96f-f9f8-4b0a-822d-e77d0752da55
[35m[HTTP][39m [37m<-- GET /wd/hub/session/33cbc96f-f9f8-4b0a-822d-e77d0752da55/source [39m[32m200[39m [90m262 ms - 29305[39m
[35m[HTTP][39m [90m[39m
[35m[HTTP][39m [37m-->[39m [37mGET[39m [37m/wd/hub/session/33cbc96f-f9f8-4b0a-822d-e77d0752da55/screenshot[39m
[35m[HTTP][39m [90m{}[39m
[35m[HTTP][39m [37m<-- GET /wd/hub/session/33cbc96f-f9f8-4b0a-822d-e77d0752da55/screenshot [39m[32m200[39m [90m487 ms - 131374[39m
[35m[HTTP][39m [90m[39m
[35m[HTTP][39m [37m-->[39m [37mPOST[39m [37m/wd/hub/session/33cbc96f-f9f8-4b0a-822d-e77d0752da55/elements[39m
[35m[HTTP][39m [90m{"using":"xpath","value":"//*[@class = 'android.widget.EditText' and (@text = 'Access token' or . = 'Access token') and @resource-id = 'usernameInput']"}[39m
[35m[HTTP][39m [37m<-- POST /wd/hub/session/33cbc96f-f9f8-4b0a-822d-e77d0752da55/elements [39m[32m200[39m [90m206 ms - 139[39m
[35m[HTTP][39m [90m[39m
[35m[HTTP][39m [37m-->[39m [37mGET[39m [37m/wd/hub/session/33cbc96f-f9f8-4b0a-822d-e77d0752da55/window/rect[39m
[35m[HTTP][39m [90m{}[39m
[35m[HTTP][39m [37m<-- GET /wd/hub/session/33cbc96f-f9f8-4b0a-822d-e77d0752da55/window/rect [39m[32m200[39m [90m35 ms - 50[39m
[35m[HTTP][39m [90m[39m
[35m[HTTP][39m [37m-->[39m [37mPOST[39m [37m/wd/hub/session/33cbc96f-f9f8-4b0a-822d-e77d0752da55/elements[39m
[35m[HTTP][39m [90m{"using":"xpath","value":"//*[@class = 'android.widget.EditText' and (@text = 'Access token' or . = 'Access token') and @resource-id = 'usernameInput']"}[39m
[35m[HTTP][39m [37m<-- POST /wd/hub/session/33cbc96f-f9f8-4b0a-822d-e77d0752da55/elements [39m[32m200[39m [90m100 ms - 139[39m
[35m[HTTP][39m [90m[39m
[35m[HTTP][39m [37m-->[39m [37mGET[39m [37m/wd/hub/session/33cbc96f-f9f8-4b0a-822d-e77d0752da55/element/00000000-0000-000e-ffff-ffff00000026/location[39m
[35m[HTTP][39m [90m{}[39m
[35m[W3C (33cbc96f)][39m Driver proxy active, passing request on via HTTP proxy
[35m[WD Proxy][39m Replacing sessionId 1501cd33-cd7c-418c-99a8-a0dbc51dd336 with 33cbc96f-f9f8-4b0a-822d-e77d0752da55
[35m[HTTP][39m [37m<-- GET /wd/hub/session/33cbc96f-f9f8-4b0a-822d-e77d0752da55/element/00000000-0000-000e-ffff-ffff00000026/location [39m[32m200[39m [90m7 ms - 79[39m
[35m[HTTP][39m [90m[39m
[35m[HTTP][39m [37m-->[39m [37mPOST[39m [37m/wd/hub/session/33cbc96f-f9f8-4b0a-822d-e77d0752da55/element/00000000-0000-000e-ffff-ffff00000026/clear[39m
[35m[HTTP][39m [90m{"id":"00000000-0000-000e-ffff-ffff00000026"}[39m
[35m[HTTP][39m [37m<-- POST /wd/hub/session/33cbc96f-f9f8-4b0a-822d-e77d0752da55/element/00000000-0000-000e-ffff-ffff00000026/clear [39m[32m200[39m [90m21 ms - 14[39m
[35m[HTTP][39m [90m[39m
[35m[HTTP][39m [37m-->[39m [37mPOST[39m [37m/wd/hub/session/33cbc96f-f9f8-4b0a-822d-e77d0752da55/element/00000000-0000-000e-ffff-ffff00000026/value[39m
[35m[HTTP][39m [90m{"id":"00000000-0000-000e-ffff-ffff00000026","text":"testing ","value":["t","e","s","t","i","n","g"," "]}[39m
[35m[HTTP][39m [37m<-- POST /wd/hub/session/33cbc96f-f9f8-4b0a-822d-e77d0752da55/element/00000000-0000-000e-ffff-ffff00000026/value [39m[32m200[39m [90m1094 ms - 14[39m
[35m[HTTP][39m [90m[39m
[35m[HTTP][39m [37m-->[39m [37mGET[39m [37m/wd/hub/session/33cbc96f-f9f8-4b0a-822d-e77d0752da55/source[39m
[35m[HTTP][39m [90m{}[39m
[35m[W3C (33cbc96f)][39m Driver proxy active, passing request on via HTTP proxy
[35m[WD Proxy][39m Replacing sessionId 1501cd33-cd7c-418c-99a8-a0dbc51dd336 with 33cbc96f-f9f8-4b0a-822d-e77d0752da55
[35m[HTTP][39m [37m<-- GET /wd/hub/session/33cbc96f-f9f8-4b0a-822d-e77d0752da55/source [39m[32m200[39m [90m243 ms - 29301[39m
[35m[HTTP][39m [90m[39m
[35m[HTTP][39m [37m-->[39m [37mGET[39m [37m/wd/hub/session/33cbc96f-f9f8-4b0a-822d-e77d0752da55/screenshot[39m
[35m[HTTP][39m [90m{}[39m
[35m[HTTP][39m [37m<-- GET /wd/hub/session/33cbc96f-f9f8-4b0a-822d-e77d0752da55/screenshot [39m[32m200[39m [90m589 ms - 129530[39m
[35m[HTTP][39m [90m[39m
[35m[HTTP][39m [37m-->[39m [37mPOST[39m [37m/wd/hub/session/33cbc96f-f9f8-4b0a-822d-e77d0752da55/elements[39m
[35m[HTTP][39m [90m{"using":"xpath","value":"//*[@class = 'android.widget.EditText' and (@text = 'Password' or . = 'Password') and @resource-id = 'password']"}[39m
[35m[HTTP][39m [37m<-- POST /wd/hub/session/33cbc96f-f9f8-4b0a-822d-e77d0752da55/elements [39m[32m200[39m [90m156 ms - 139[39m
[35m[HTTP][39m [90m[39m
[35m[HTTP][39m [37m-->[39m [37mGET[39m [37m/wd/hub/session/33cbc96f-f9f8-4b0a-822d-e77d0752da55/window/rect[39m
[35m[HTTP][39m [90m{}[39m
[35m[HTTP][39m [37m<-- GET /wd/hub/session/33cbc96f-f9f8-4b0a-822d-e77d0752da55/window/rect [39m[32m200[39m [90m14 ms - 50[39m
[35m[HTTP][39m [90m[39m
[35m[HTTP][39m [37m-->[39m [37mPOST[39m [37m/wd/hub/session/33cbc96f-f9f8-4b0a-822d-e77d0752da55/elements[39m
[35m[HTTP][39m [90m{"using":"xpath","value":"//*[@class = 'android.widget.EditText' and (@text = 'Password' or . = 'Password') and @resource-id = 'password']"}[39m
[35m[HTTP][39m [37m<-- POST /wd/hub/session/33cbc96f-f9f8-4b0a-822d-e77d0752da55/elements [39m[32m200[39m [90m65 ms - 139[39m
[35m[HTTP][39m [90m[39m
[35m[HTTP][39m [37m-->[39m [37mGET[39m [37m/wd/hub/session/33cbc96f-f9f8-4b0a-822d-e77d0752da55/element/00000000-0000-000e-ffff-ffff0000002b/location[39m
[35m[HTTP][39m [90m{}[39m
[35m[W3C (33cbc96f)][39m Driver proxy active, passing request on via HTTP proxy
[35m[WD Proxy][39m Replacing sessionId 1501cd33-cd7c-418c-99a8-a0dbc51dd336 with 33cbc96f-f9f8-4b0a-822d-e77d0752da55
[35m[HTTP][39m [37m<-- GET /wd/hub/session/33cbc96f-f9f8-4b0a-822d-e77d0752da55/element/00000000-0000-000e-ffff-ffff0000002b/location [39m[32m200[39m [90m6 ms - 79[39m
[35m[HTTP][39m [90m[39m
[35m[HTTP][39m [37m-->[39m [37mPOST[39m [37m/wd/hub/session/33cbc96f-f9f8-4b0a-822d-e77d0752da55/element/00000000-0000-000e-ffff-ffff0000002b/clear[39m
[35m[HTTP][39m [90m{"id":"00000000-0000-000e-ffff-ffff0000002b"}[39m
[35m[HTTP][39m [37m<-- POST /wd/hub/session/33cbc96f-f9f8-4b0a-822d-e77d0752da55/element/00000000-0000-000e-ffff-ffff0000002b/clear [39m[32m200[39m [90m19 ms - 14[39m
[35m[HTTP][39m [90m[39m
[35m[HTTP][39m [37m-->[39m [37mPOST[39m [37m/wd/hub/session/33cbc96f-f9f8-4b0a-822d-e77d0752da55/element/00000000-0000-000e-ffff-ffff0000002b/value[39m
[35m[HTTP][39m [90m{"id":"00000000-0000-000e-ffff-ffff0000002b","text":"12345","value":["1","2","3","4","5"]}[39m
[35m[HTTP][39m [37m<-- POST /wd/hub/session/33cbc96f-f9f8-4b0a-822d-e77d0752da55/element/00000000-0000-000e-ffff-ffff0000002b/value [39m[32m200[39m [90m1018 ms - 14[39m
[35m[HTTP][39m [90m[39m
[35m[HTTP][39m [37m-->[39m [37mGET[39m [37m/wd/hub/session/33cbc96f-f9f8-4b0a-822d-e77d0752da55/source[39m
[35m[HTTP][39m [90m{}[39m
[35m[W3C (33cbc96f)][39m Driver proxy active, passing request on via HTTP proxy
[35m[WD Proxy][39m Replacing sessionId 1501cd33-cd7c-418c-99a8-a0dbc51dd336 with 33cbc96f-f9f8-4b0a-822d-e77d0752da55
[35m[HTTP][39m [37m<-- GET /wd/hub/session/33cbc96f-f9f8-4b0a-822d-e77d0752da55/source [39m[32m200[39m [90m68 ms - 29307[39m
[35m[HTTP][39m [90m[39m
[35m[HTTP][39m [37m-->[39m [37mGET[39m [37m/wd/hub/session/33cbc96f-f9f8-4b0a-822d-e77d0752da55/screenshot[39m
[35m[HTTP][39m [90m{}[39m
[35m[HTTP][39m [37m<-- GET /wd/hub/session/33cbc96f-f9f8-4b0a-822d-e77d0752da55/screenshot [39m[32m200[39m [90m300 ms - 125514[39m
[35m[HTTP][39m [90m[39m
[35m[HTTP][39m [37m-->[39m [37mPOST[39m [37m/wd/hub/session/33cbc96f-f9f8-4b0a-822d-e77d0752da55/elements[39m
[35m[HTTP][39m [90m{"using":"xpath","value":"//*[@class = 'android.widget.EditText' and (@text = 'testing ' or . = 'testing ') and @resource-id = 'usernameInput']"}[39m
[35m[HTTP][39m [37m<-- POST /wd/hub/session/33cbc96f-f9f8-4b0a-822d-e77d0752da55/elements [39m[32m200[39m [90m123 ms - 139[39m
[35m[HTTP][39m [90m[39m
[35m[HTTP][39m [37m-->[39m [37mGET[39m [37m/wd/hub/session/33cbc96f-f9f8-4b0a-822d-e77d0752da55/window/rect[39m
[35m[HTTP][39m [90m{}[39m
[35m[HTTP][39m [37m<-- GET /wd/hub/session/33cbc96f-f9f8-4b0a-822d-e77d0752da55/window/rect [39m[32m200[39m [90m4 ms - 50[39m
[35m[HTTP][39m [90m[39m
[35m[HTTP][39m [37m-->[39m [37mPOST[39m [37m/wd/hub/session/33cbc96f-f9f8-4b0a-822d-e77d0752da55/elements[39m
[35m[HTTP][39m [90m{"using":"xpath","value":"//*[@class = 'android.widget.EditText' and (@text = 'testing ' or . = 'testing ') and @resource-id = 'usernameInput']"}[39m
[35m[HTTP][39m [37m<-- POST /wd/hub/session/33cbc96f-f9f8-4b0a-822d-e77d0752da55/elements [39m[32m200[39m [90m36 ms - 139[39m
[35m[HTTP][39m [90m[39m
[35m[HTTP][39m [37m-->[39m [37mGET[39m [37m/wd/hub/session/33cbc96f-f9f8-4b0a-822d-e77d0752da55/element/00000000-0000-000e-ffff-ffff00000026/location[39m
[35m[HTTP][39m [90m{}[39m
[35m[W3C (33cbc96f)][39m Driver proxy active, passing request on via HTTP proxy
[35m[WD Proxy][39m Replacing sessionId 1501cd33-cd7c-418c-99a8-a0dbc51dd336 with 33cbc96f-f9f8-4b0a-822d-e77d0752da55
[35m[HTTP][39m [37m<-- GET /wd/hub/session/33cbc96f-f9f8-4b0a-822d-e77d0752da55/element/00000000-0000-000e-ffff-ffff00000026/location [39m[32m200[39m [90m5 ms - 79[39m
[35m[HTTP][39m [90m[39m
[35m[HTTP][39m [37m-->[39m [37mPOST[39m [37m/wd/hub/session/33cbc96f-f9f8-4b0a-822d-e77d0752da55/element/00000000-0000-000e-ffff-ffff00000026/click[39m
[35m[HTTP][39m [90m{"id":"00000000-0000-000e-ffff-ffff00000026"}[39m
[35m[HTTP][39m [37m<-- POST /wd/hub/session/33cbc96f-f9f8-4b0a-822d-e77d0752da55/element/00000000-0000-000e-ffff-ffff00000026/click [39m[32m200[39m [90m736 ms - 14[39m
[35m[HTTP][39m [90m[39m
[35m[HTTP][39m [37m-->[39m [37mGET[39m [37m/wd/hub/session/33cbc96f-f9f8-4b0a-822d-e77d0752da55/source[39m
[35m[HTTP][39m [90m{}[39m
[35m[W3C (33cbc96f)][39m Driver proxy active, passing request on via HTTP proxy
[35m[WD Proxy][39m Replacing sessionId 1501cd33-cd7c-418c-99a8-a0dbc51dd336 with 33cbc96f-f9f8-4b0a-822d-e77d0752da55
[35m[HTTP][39m [37m<-- GET /wd/hub/session/33cbc96f-f9f8-4b0a-822d-e77d0752da55/source [39m[32m200[39m [90m869 ms - 24503[39m
[35m[HTTP][39m [90m[39m
[35m[HTTP][39m [37m-->[39m [37mGET[39m [37m/wd/hub/session/33cbc96f-f9f8-4b0a-822d-e77d0752da55/screenshot[39m
[35m[HTTP][39m [90m{}[39m
[35m[HTTP][39m [37m<-- GET /wd/hub/session/33cbc96f-f9f8-4b0a-822d-e77d0752da55/screenshot [39m[32m200[39m [90m457 ms - 196356[39m
[35m[HTTP][39m [90m[39m
[35m[HTTP][39m [37m-->[39m [37mPOST[39m [37m/wd/hub/session/33cbc96f-f9f8-4b0a-822d-e77d0752da55/elements[39m
[35m[HTTP][39m [90m{"using":"xpath","value":"//*[@class = 'com.horcrux.svg.PathView' and (@text = '' or . = '')]"}[39m
[35m[HTTP][39m [37m<-- POST /wd/hub/session/33cbc96f-f9f8-4b0a-822d-e77d0752da55/elements [39m[32m200[39m [90m124 ms - 907[39m
[35m[HTTP][39m [90m[39m
[35m[HTTP][39m [37m-->[39m [37mPOST[39m [37m/wd/hub/session/33cbc96f-f9f8-4b0a-822d-e77d0752da55/elements[39m
[35m[HTTP][39m [90m{"using":"-android uiautomator","value":"new UiSelector().className(\"com.horcrux.svg.PathView\")"}[39m
[35m[HTTP][39m [37m<-- POST /wd/hub/session/33cbc96f-f9f8-4b0a-822d-e77d0752da55/elements [39m[32m200[39m [90m29 ms - 907[39m
[35m[HTTP][39m [90m[39m
[35m[HTTP][39m [37m-->[39m [37mGET[39m [37m/wd/hub/session/33cbc96f-f9f8-4b0a-822d-e77d0752da55/window/rect[39m
[35m[HTTP][39m [90m{}[39m
[35m[HTTP][39m [37m<-- GET /wd/hub/session/33cbc96f-f9f8-4b0a-822d-e77d0752da55/window/rect [39m[32m200[39m [90m5 ms - 50[39m
[35m[HTTP][39m [90m[39m
[35m[HTTP][39m [37m-->[39m [37mPOST[39m [37m/wd/hub/session/33cbc96f-f9f8-4b0a-822d-e77d0752da55/elements[39m
[35m[HTTP][39m [90m{"using":"xpath","value":"//hierarchy/android.widget.FrameLayout[1]/android.widget.LinearLayout[1]/android.widget.FrameLayout[1]/android.widget.LinearLayout[1]/android.widget.FrameLayout[1]/android.widget.FrameLayout[1]/android.view.ViewGroup[1]/android.view.ViewGroup[1]/android.view.ViewGroup[1]/android.view.ViewGroup[1]/android.view.ViewGroup[1]/android.view.ViewGroup[1]/android.view.ViewGroup[1]/android.view.ViewGroup[1]/android.view.ViewGroup[1]/android.view.ViewGroup[2]/android.view.ViewGroup[1]/android.view.ViewGroup[2]/android.view.ViewGroup[1]/com.horcrux.svg.SvgView[1]/com.horcrux.svg.GroupView[1]/com.horcrux.svg.PathView[1]"}[39m
[35m[HTTP][39m [37m<-- POST /wd/hub/session/33cbc96f-f9f8-4b0a-822d-e77d0752da55/elements [39m[32m200[39m [90m29 ms - 139[39m
[35m[HTTP][39m [90m[39m
[35m[HTTP][39m [37m-->[39m [37mGET[39m [37m/wd/hub/session/33cbc96f-f9f8-4b0a-822d-e77d0752da55/element/00000000-0000-000e-ffff-ffff0000002f/location[39m
[35m[HTTP][39m [90m{}[39m
[35m[W3C (33cbc96f)][39m Driver proxy active, passing request on via HTTP proxy
[35m[WD Proxy][39m Replacing sessionId 1501cd33-cd7c-418c-99a8-a0dbc51dd336 with 33cbc96f-f9f8-4b0a-822d-e77d0752da55
[35m[HTTP][39m [37m<-- GET /wd/hub/session/33cbc96f-f9f8-4b0a-822d-e77d0752da55/element/00000000-0000-000e-ffff-ffff0000002f/location [39m[32m200[39m [90m6 ms - 78[39m
[35m[HTTP][39m [90m[39m
[35m[HTTP][39m [37m-->[39m [37mPOST[39m [37m/wd/hub/session/33cbc96f-f9f8-4b0a-822d-e77d0752da55/element/00000000-0000-000e-ffff-ffff0000002f/click[39m
[35m[HTTP][39m [90m{"id":"00000000-0000-000e-ffff-ffff0000002f"}[39m
[35m[HTTP][39m [37m<-- POST /wd/hub/session/33cbc96f-f9f8-4b0a-822d-e77d0752da55/element/00000000-0000-000e-ffff-ffff0000002f/click [39m[32m200[39m [90m52 ms - 14[39m
[35m[HTTP][39m [90m[39m
[35m[HTTP][39m [37m-->[39m [37mGET[39m [37m/wd/hub/session/33cbc96f-f9f8-4b0a-822d-e77d0752da55/source[39m
[35m[HTTP][39m [90m{}[39m
[35m[W3C (33cbc96f)][39m Driver proxy active, passing request on via HTTP proxy
[35m[WD Proxy][39m Replacing sessionId 1501cd33-cd7c-418c-99a8-a0dbc51dd336 with 33cbc96f-f9f8-4b0a-822d-e77d0752da55
[35m[HTTP][39m [37m<-- GET /wd/hub/session/33cbc96f-f9f8-4b0a-822d-e77d0752da55/source [39m[32m200[39m [90m106 ms - 24494[39m
[35m[HTTP][39m [90m[39m
[35m[HTTP][39m [37m-->[39m [37mGET[39m [37m/wd/hub/session/33cbc96f-f9f8-4b0a-822d-e77d0752da55/screenshot[39m
[35m[HTTP][39m [90m{}[39m
[35m[HTTP][39m [37m<-- GET /wd/hub/session/33cbc96f-f9f8-4b0a-822d-e77d0752da55/screenshot [39m[32m200[39m [90m274 ms - 200814[39m
[35m[HTTP][39m [90m[39m
[35m[HTTP][39m [37m-->[39m [37mPOST[39m [37m/wd/hub/session/33cbc96f-f9f8-4b0a-822d-e77d0752da55/elements[39m
[35m[HTTP][39m [90m{"using":"xpath","value":"//*[@class = 'android.widget.EditText' and (@text = '12345' or . = '12345') and @resource-id = 'password']"}[39m
[35m[HTTP][39m [37m<-- POST /wd/hub/session/33cbc96f-f9f8-4b0a-822d-e77d0752da55/elements [39m[32m200[39m [90m112 ms - 139[39m
[35m[HTTP][39m [90m[39m
[35m[HTTP][39m [37m-->[39m [37mGET[39m [37m/wd/hub/session/33cbc96f-f9f8-4b0a-822d-e77d0752da55/window/rect[39m
[35m[HTTP][39m [90m{}[39m
[35m[HTTP][39m [37m<-- GET /wd/hub/session/33cbc96f-f9f8-4b0a-822d-e77d0752da55/window/rect [39m[32m200[39m [90m5 ms - 50[39m
[35m[HTTP][39m [90m[39m
[35m[HTTP][39m [37m-->[39m [37mPOST[39m [37m/wd/hub/session/33cbc96f-f9f8-4b0a-822d-e77d0752da55/elements[39m
[35m[HTTP][39m [90m{"using":"xpath","value":"//*[@class = 'android.widget.EditText' and (@text = '12345' or . = '12345') and @resource-id = 'password']"}[39m
[35m[HTTP][39m [37m<-- POST /wd/hub/session/33cbc96f-f9f8-4b0a-822d-e77d0752da55/elements [39m[32m200[39m [90m31 ms - 139[39m
[35m[HTTP][39m [90m[39m
[35m[HTTP][39m [37m-->[39m [37mGET[39m [37m/wd/hub/session/33cbc96f-f9f8-4b0a-822d-e77d0752da55/element/00000000-0000-000e-ffff-ffff0000002b/location[39m
[35m[HTTP][39m [90m{}[39m
[35m[W3C (33cbc96f)][39m Driver proxy active, passing request on via HTTP proxy
[35m[WD Proxy][39m Replacing sessionId 1501cd33-cd7c-418c-99a8-a0dbc51dd336 with 33cbc96f-f9f8-4b0a-822d-e77d0752da55
[35m[HTTP][39m [37m<-- GET /wd/hub/session/33cbc96f-f9f8-4b0a-822d-e77d0752da55/element/00000000-0000-000e-ffff-ffff0000002b/location [39m[32m200[39m [90m6 ms - 78[39m
[35m[HTTP][39m [90m[39m
[35m[HTTP][39m [37m-->[39m [37mPOST[39m [37m/wd/hub/session/33cbc96f-f9f8-4b0a-822d-e77d0752da55/element/00000000-0000-000e-ffff-ffff0000002b/click[39m
[35m[HTTP][39m [90m{"id":"00000000-0000-000e-ffff-ffff0000002b"}[39m
[35m[HTTP][39m [37m<-- POST /wd/hub/session/33cbc96f-f9f8-4b0a-822d-e77d0752da55/element/00000000-0000-000e-ffff-ffff0000002b/click [39m[32m200[39m [90m1089 ms - 14[39m
[35m[HTTP][39m [90m[39m
[35m[HTTP][39m [37m-->[39m [37mGET[39m [37m/wd/hub/session/33cbc96f-f9f8-4b0a-822d-e77d0752da55/source[39m
[35m[HTTP][39m [90m{}[39m
[35m[W3C (33cbc96f)][39m Driver proxy active, passing request on via HTTP proxy
[35m[WD Proxy][39m Replacing sessionId 1501cd33-cd7c-418c-99a8-a0dbc51dd336 with 33cbc96f-f9f8-4b0a-822d-e77d0752da55
[35m[HTTP][39m [37m<-- GET /wd/hub/session/33cbc96f-f9f8-4b0a-822d-e77d0752da55/source [39m[32m200[39m [90m92 ms - 24494[39m
[35m[HTTP][39m [90m[39m
[35m[HTTP][39m [37m-->[39m [37mGET[39m [37m/wd/hub/session/33cbc96f-f9f8-4b0a-822d-e77d0752da55/screenshot[39m
[35m[HTTP][39m [90m{}[39m
[35m[HTTP][39m [37m<-- GET /wd/hub/session/33cbc96f-f9f8-4b0a-822d-e77d0752da55/screenshot [39m[32m200[39m [90m273 ms - 200892[39m
[35m[HTTP][39m [90m[39m
[35m[HTTP][39m [37m-->[39m [37mDELETE[39m [37m/wd/hub/session/33cbc96f-f9f8-4b0a-822d-e77d0752da55[39m
[35m[HTTP][39m [90m{}[39m
[35m[Appium][39m Removing session 33cbc96f-f9f8-4b0a-822d-e77d0752da55 from our master session list
[35m[UiAutomator2][39m Restoring hidden api policy to the device default configuration
[35m[HTTP][39m [37m<-- DELETE /wd/hub/session/33cbc96f-f9f8-4b0a-822d-e77d0752da55 [39m[32m200[39m [90m481 ms - 14[39m
[35m[HTTP][39m [90m[39m
